(---------------------------------------------------------------------)
(                                                                     )
(    NC DRILL Log                                                     )
(                                                                     )
(    Drawing          : #Taaaaao01152.tmp                             )
(    Software Version : 16.6P004                                      )
(    Date/Time        : Mon May 24 11:38:58 2021                      )
(                                                                     )
(---------------------------------------------------------------------)



 Processing NC Parameters file 'nc_param.txt' ...

 NC PARAMETERS
 -------------

 FORMAT   		3.5
 MACHINE-OFFSET		x:0.000000	y:0.000000
 FEEDRATE		1
 COORDINATES		ABSOLUTE
 OUTPUT-UNITS		METRIC
 TOOL-ORDER		INCREASING
 REPEAT-CODES		YES
 SUPPRESS-LEAD-ZEROES	YES
 SUPPRESS-TRAIL-ZEROES	NO
 SUPPRESS-EQUAL		YES
 TOOL-SELECT		YES
 HEADER			none
 LEADER			12
 CODE			ASCII
 SEPARATE		NO
 SEPARATE-ROUTING	NO
 OPTIMIZE_DRILLING	YES
 ENHANCED_EXCELLON	YES
 SCALE			1.000000

 WARNING(SPMHMF-368): Cannot find NC Drill tool file 'nc_tools.txt'
 WARNING(SPMHMF-369): ... will auto-generate tool file 'nc_tools_auto.txt'.


     Auto-generating tool file 'nc_tools_auto.txt' ...

           Size  Plating  Tool        + Tolerance  - Tolerance

          0.914  P        T01            0.000000     0.000000
          1.067  P        T02            0.000000     0.000000
          3.000  N        T03            0.000000     0.000000


Drill files being output to directory 'C:/21-05-17/NE555_2303/allegro' ...



     'NE555_2303-1-2.drl' created for holes connecting TOP and BOTTOM
     ----------------------------------------------------------------

     Tool  Num     Size      +/- Tolerance     Plating   Quantity

     T01    1.   0.9140    0.0000/  0.0000      PLATED         19
     T02    2.   1.0670    0.0000/  0.0000      PLATED          6
     T03    3.   3.0000    0.0000/  0.0000  NON_PLATED          4

     ---- Total holes:                                         29

     ---- Total head travel:              1.21 feet (0.37 meters)

