Mon May 24 12:00:06 2021				Page     1

Photoplot log file
Results from aperture table.


INPUT-UNITS     MM

WHEEL     1

LINE           0.013            D32
LINE           0.102            D27
LINE           0.152            D28
LINE           0.203            D29
LINE           0.254            D30
LINE             0.5            D25
LINE           0.635            D31
LINE               1            D26
CIRCLE          0.61            D23
CIRCLE         0.762            D22
CIRCLE         1.118            D24
CIRCLE          1.27            D19
CIRCLE         1.524            D10
CIRCLE         1.651            D13
CIRCLE         1.905            D12
CIRCLE         2.032            D15
CIRCLE         2.235            D11
CIRCLE         2.362            D14
CIRCLE          5.08            D21
SQUARE         1.524   0.00000            D16
SQUARE         1.905   0.00000            D18
SQUARE         2.235   0.00000            D17
FLASH     AB00                 0.00000  D20

